<!DOCTYPE html>
<html>
  <head>
    <meta charset="utf-8"/>
    <title>report.html</title>
    <link href="assets/style.css" rel="stylesheet" type="text/css"/></head>
  <body onLoad="init()">
    <script>/* This Source Code Form is subject to the terms of the Mozilla Public
 * License, v. 2.0. If a copy of the MPL was not distributed with this file,
 * You can obtain one at http://mozilla.org/MPL/2.0/. */


function toArray(iter) {
    if (iter === null) {
        return null;
    }
    return Array.prototype.slice.call(iter);
}

function find(selector, elem) { // eslint-disable-line no-redeclare
    if (!elem) {
        elem = document;
    }
    return elem.querySelector(selector);
}

function findAll(selector, elem) {
    if (!elem) {
        elem = document;
    }
    return toArray(elem.querySelectorAll(selector));
}

function sortColumn(elem) {
    toggleSortStates(elem);
    const colIndex = toArray(elem.parentNode.childNodes).indexOf(elem);
    let key;
    if (elem.classList.contains('result')) {
        key = keyResult;
    } else if (elem.classList.contains('links')) {
        key = keyLink;
    } else {
        key = keyAlpha;
    }
    sortTable(elem, key(colIndex));
}

function showAllExtras() { // eslint-disable-line no-unused-vars
    findAll('.col-result').forEach(showExtras);
}

function hideAllExtras() { // eslint-disable-line no-unused-vars
    findAll('.col-result').forEach(hideExtras);
}

function showExtras(colresultElem) {
    const extras = colresultElem.parentNode.nextElementSibling;
    const expandcollapse = colresultElem.firstElementChild;
    extras.classList.remove('collapsed');
    expandcollapse.classList.remove('expander');
    expandcollapse.classList.add('collapser');
}

function hideExtras(colresultElem) {
    const extras = colresultElem.parentNode.nextElementSibling;
    const expandcollapse = colresultElem.firstElementChild;
    extras.classList.add('collapsed');
    expandcollapse.classList.remove('collapser');
    expandcollapse.classList.add('expander');
}

function showFilters() {
    let visibleString = getQueryParameter('visible') || 'all';
    visibleString = visibleString.toLowerCase();
    const checkedItems = visibleString.split(',');

    const filterItems = document.getElementsByClassName('filter');
    for (let i = 0; i < filterItems.length; i++) {
        filterItems[i].hidden = false;

        if (visibleString != 'all') {
            filterItems[i].checked = checkedItems.includes(filterItems[i].getAttribute('data-test-result'));
            filterTable(filterItems[i]);
        }
    }
}

function addCollapse() {
    // Add links for show/hide all
    const resulttable = find('table#results-table');
    const showhideall = document.createElement('p');
    showhideall.innerHTML = '<a href="javascript:showAllExtras()">Show all details</a> / ' +
                            '<a href="javascript:hideAllExtras()">Hide all details</a>';
    resulttable.parentElement.insertBefore(showhideall, resulttable);

    // Add show/hide link to each result
    findAll('.col-result').forEach(function(elem) {
        const collapsed = getQueryParameter('collapsed') || 'Passed';
        const extras = elem.parentNode.nextElementSibling;
        const expandcollapse = document.createElement('span');
        if (extras.classList.contains('collapsed')) {
            expandcollapse.classList.add('expander');
        } else if (collapsed.includes(elem.innerHTML)) {
            extras.classList.add('collapsed');
            expandcollapse.classList.add('expander');
        } else {
            expandcollapse.classList.add('collapser');
        }
        elem.appendChild(expandcollapse);

        elem.addEventListener('click', function(event) {
            if (event.currentTarget.parentNode.nextElementSibling.classList.contains('collapsed')) {
                showExtras(event.currentTarget);
            } else {
                hideExtras(event.currentTarget);
            }
        });
    });
}

function getQueryParameter(name) {
    const match = RegExp('[?&]' + name + '=([^&]*)').exec(window.location.search);
    return match && decodeURIComponent(match[1].replace(/\+/g, ' '));
}

function init () { // eslint-disable-line no-unused-vars
    resetSortHeaders();

    addCollapse();

    showFilters();

    sortColumn(find('.initial-sort'));

    findAll('.sortable').forEach(function(elem) {
        elem.addEventListener('click',
            function() {
                sortColumn(elem);
            }, false);
    });
}

function sortTable(clicked, keyFunc) {
    const rows = findAll('.results-table-row');
    const reversed = !clicked.classList.contains('asc');
    const sortedRows = sort(rows, keyFunc, reversed);
    /* Whole table is removed here because browsers acts much slower
     * when appending existing elements.
     */
    const thead = document.getElementById('results-table-head');
    document.getElementById('results-table').remove();
    const parent = document.createElement('table');
    parent.id = 'results-table';
    parent.appendChild(thead);
    sortedRows.forEach(function(elem) {
        parent.appendChild(elem);
    });
    document.getElementsByTagName('BODY')[0].appendChild(parent);
}

function sort(items, keyFunc, reversed) {
    const sortArray = items.map(function(item, i) {
        return [keyFunc(item), i];
    });

    sortArray.sort(function(a, b) {
        const keyA = a[0];
        const keyB = b[0];

        if (keyA == keyB) return 0;

        if (reversed) {
            return keyA < keyB ? 1 : -1;
        } else {
            return keyA > keyB ? 1 : -1;
        }
    });

    return sortArray.map(function(item) {
        const index = item[1];
        return items[index];
    });
}

function keyAlpha(colIndex) {
    return function(elem) {
        return elem.childNodes[1].childNodes[colIndex].firstChild.data.toLowerCase();
    };
}

function keyLink(colIndex) {
    return function(elem) {
        const dataCell = elem.childNodes[1].childNodes[colIndex].firstChild;
        return dataCell == null ? '' : dataCell.innerText.toLowerCase();
    };
}

function keyResult(colIndex) {
    return function(elem) {
        const strings = ['Error', 'Failed', 'Rerun', 'XFailed', 'XPassed',
            'Skipped', 'Passed'];
        return strings.indexOf(elem.childNodes[1].childNodes[colIndex].firstChild.data);
    };
}

function resetSortHeaders() {
    findAll('.sort-icon').forEach(function(elem) {
        elem.parentNode.removeChild(elem);
    });
    findAll('.sortable').forEach(function(elem) {
        const icon = document.createElement('div');
        icon.className = 'sort-icon';
        icon.textContent = 'vvv';
        elem.insertBefore(icon, elem.firstChild);
        elem.classList.remove('desc', 'active');
        elem.classList.add('asc', 'inactive');
    });
}

function toggleSortStates(elem) {
    //if active, toggle between asc and desc
    if (elem.classList.contains('active')) {
        elem.classList.toggle('asc');
        elem.classList.toggle('desc');
    }

    //if inactive, reset all other functions and add ascending active
    if (elem.classList.contains('inactive')) {
        resetSortHeaders();
        elem.classList.remove('inactive');
        elem.classList.add('active');
    }
}

function isAllRowsHidden(value) {
    return value.hidden == false;
}

function filterTable(elem) { // eslint-disable-line no-unused-vars
    const outcomeAtt = 'data-test-result';
    const outcome = elem.getAttribute(outcomeAtt);
    const classOutcome = outcome + ' results-table-row';
    const outcomeRows = document.getElementsByClassName(classOutcome);

    for(let i = 0; i < outcomeRows.length; i++){
        outcomeRows[i].hidden = !elem.checked;
    }

    const rows = findAll('.results-table-row').filter(isAllRowsHidden);
    const allRowsHidden = rows.length == 0 ? true : false;
    const notFoundMessage = document.getElementById('not-found-message');
    notFoundMessage.hidden = !allRowsHidden;
}
</script>
    <h1>report.html</h1>
    <p>Report generated on 28-Aug-2023 at 23:44:32 by <a href="https://pypi.python.org/pypi/pytest-html">pytest-html</a> v3.2.0</p>
    <h2>Summary</h2>
    <p>11 tests ran in 134.26 seconds. </p>
    <p class="filter" hidden="true">(Un)check the boxes to filter the results.</p><input checked="true" class="filter" data-test-result="passed" hidden="true" name="filter_checkbox" onChange="filterTable(this)" type="checkbox"/><span class="passed">9 passed</span>, <input checked="true" class="filter" data-test-result="skipped" disabled="true" hidden="true" name="filter_checkbox" onChange="filterTable(this)" type="checkbox"/><span class="skipped">0 skipped</span>, <input checked="true" class="filter" data-test-result="failed" hidden="true" name="filter_checkbox" onChange="filterTable(this)" type="checkbox"/><span class="failed">2 failed</span>, <input checked="true" class="filter" data-test-result="error" disabled="true" hidden="true" name="filter_checkbox" onChange="filterTable(this)" type="checkbox"/><span class="error">0 errors</span>, <input checked="true" class="filter" data-test-result="xfailed" disabled="true" hidden="true" name="filter_checkbox" onChange="filterTable(this)" type="checkbox"/><span class="xfailed">0 expected failures</span>, <input checked="true" class="filter" data-test-result="xpassed" disabled="true" hidden="true" name="filter_checkbox" onChange="filterTable(this)" type="checkbox"/><span class="xpassed">0 unexpected passes</span>
    <h2>Results</h2>
    <table id="results-table">
      <thead id="results-table-head">
        <tr>
          <th class="sortable result initial-sort" col="result">Result</th>
          <th class="sortable" col="name">Test</th>
          <th class="sortable" col="duration">Duration</th>
          <th class="sortable links" col="links">Links</th></tr>
        <tr hidden="true" id="not-found-message">
          <th colspan="4">No results found. Try to check the filters</th></tr></thead>
      <tbody class="failed results-table-row">
        <tr>
          <td class="col-result">Failed</td>
          <td class="col-name">tests/test_default_user_page.py::TestDefaultUserPage::test_delete_all_rows_user_table</td>
          <td class="col-duration">26.44</td>
          <td class="col-links"></td></tr>
        <tr>
          <td class="extra" colspan="4">
            <div class="log">self = &lt;test_default_user_page.TestDefaultUserPage object at 0x0000020097032B50&gt;<br/>driver = &lt;selenium.webdriver.chrome.webdriver.WebDriver (session=&quot;a672a8063f5f5c7c06ca723415d7d4ee&quot;)&gt;<br/><br/>    @pytest.mark.delete<br/>    def test_delete_all_rows_user_table(self, driver):<br/>        default_user_page = DefaultUserPage(driver)<br/>        default_user_page.open()<br/>        default_user_page.delete_all_user_records()<br/>&gt;       assert default_user_page.no_records_message == &quot;No data received!&quot;, &quot;message mismatch for no user records&quot;<br/><br/>test_default_user_page.py:28: <br/>_ _ _ _ _ _ _ _ _ _ _ _ _ _ _ _ _ _ _ _ _ _ _ _ _ _ _ _ _ _ _ _ _ _ _ _ _ _ _ _<br/>..\page_objects\default_user_page.py:89: in no_records_message<br/>    return super()._get_text(self.__no_records_locator)<br/>..\page_objects\base_page.py:80: in _get_text<br/>    self._wait_until_element_is_visible(locator, duration)<br/>..\page_objects\base_page.py:63: in _wait_until_element_is_visible<br/>    wait.until(ec.visibility_of_element_located(locator))<br/>_ _ _ _ _ _ _ _ _ _ _ _ _ _ _ _ _ _ _ _ _ _ _ _ _ _ _ _ _ _ _ _ _ _ _ _ _ _ _ _<br/><br/>self = &lt;selenium.webdriver.support.wait.WebDriverWait (session=&quot;a672a8063f5f5c7c06ca723415d7d4ee&quot;)&gt;<br/>method = &lt;function visibility_of_element_located.&lt;locals&gt;._predicate at 0x000002009706A160&gt;<br/>message = &#x27;&#x27;<br/><br/>    def until(self, method, message: str = &quot;&quot;):<br/>        &quot;&quot;&quot;Calls the method provided with the driver as an argument until the \<br/>        return value does not evaluate to ``False``.<br/>    <br/>        :param method: callable(WebDriver)<br/>        :param message: optional message for :exc:`TimeoutException`<br/>        :returns: the result of the last call to `method`<br/>        :raises: :exc:`selenium.common.exceptions.TimeoutException` if timeout occurs<br/>        &quot;&quot;&quot;<br/>        screen = None<br/>        stacktrace = None<br/>    <br/>        end_time = time.monotonic() + self._timeout<br/>        while True:<br/>            try:<br/>                value = method(self._driver)<br/>                if value:<br/>                    return value<br/>            except self._ignored_exceptions as exc:<br/>                screen = getattr(exc, &quot;screen&quot;, None)<br/>                stacktrace = getattr(exc, &quot;stacktrace&quot;, None)<br/>            time.sleep(self._poll)<br/>            if time.monotonic() &gt; end_time:<br/>                break<br/>&gt;       raise TimeoutException(message, screen, stacktrace)<br/><span class="error">E       selenium.common.exceptions.TimeoutException: Message: </span><br/><span class="error">E       Stacktrace:</span><br/><span class="error">E       	GetHandleVerifier [0x00007FF6EF1E52A2+57122]</span><br/><span class="error">E       	(No symbol) [0x00007FF6EF15EA92]</span><br/><span class="error">E       	(No symbol) [0x00007FF6EF02E3AB]</span><br/><span class="error">E       	(No symbol) [0x00007FF6EF067D3E]</span><br/><span class="error">E       	(No symbol) [0x00007FF6EF067E2C]</span><br/><span class="error">E       	(No symbol) [0x00007FF6EF0A0B67]</span><br/><span class="error">E       	(No symbol) [0x00007FF6EF08701F]</span><br/><span class="error">E       	(No symbol) [0x00007FF6EF09EB82]</span><br/><span class="error">E       	(No symbol) [0x00007FF6EF086DB3]</span><br/><span class="error">E       	(No symbol) [0x00007FF6EF05D2B1]</span><br/><span class="error">E       	(No symbol) [0x00007FF6EF05E494]</span><br/><span class="error">E       	GetHandleVerifier [0x00007FF6EF48EF82+2849794]</span><br/><span class="error">E       	GetHandleVerifier [0x00007FF6EF4E1D24+3189156]</span><br/><span class="error">E       	GetHandleVerifier [0x00007FF6EF4DACAF+3160367]</span><br/><span class="error">E       	GetHandleVerifier [0x00007FF6EF276D06+653702]</span><br/><span class="error">E       	(No symbol) [0x00007FF6EF16A208]</span><br/><span class="error">E       	(No symbol) [0x00007FF6EF1662C4]</span><br/><span class="error">E       	(No symbol) [0x00007FF6EF1663F6]</span><br/><span class="error">E       	(No symbol) [0x00007FF6EF1567A3]</span><br/><span class="error">E       	BaseThreadInitThunk [0x00007FFC091F26AD+29]</span><br/><span class="error">E       	RtlUserThreadStart [0x00007FFC0A02AA68+40]</span><br/><br/>..\venv\Lib\site-packages\selenium\webdriver\support\wait.py:95: TimeoutException<br/> -----------------------------Captured stdout setup------------------------------ <br/>chrome browser started
<br/> ----------------------------Captured stdout teardown---------------------------- <br/>chrome to be closed
<br/></div></td></tr></tbody>
      <tbody class="failed results-table-row">
        <tr>
          <td class="col-result">Failed</td>
          <td class="col-name">tests/test_user_create_page.py::TestUserCreatePage::test_duplicate_email_error</td>
          <td class="col-duration">16.69</td>
          <td class="col-links"></td></tr>
        <tr>
          <td class="extra" colspan="4">
            <div class="log">self = &lt;test_user_create_page.TestUserCreatePage object at 0x00000200970540D0&gt;<br/>driver = &lt;selenium.webdriver.chrome.webdriver.WebDriver (session=&quot;90292edf7e52165c2713e2dbfb7499a1&quot;)&gt;<br/><br/>    def test_duplicate_email_error(self, driver):<br/>        user_create_page = UserCreatePage(driver)<br/>    <br/>        # opens user create page<br/>        user_create_page.open()<br/>        user_create_page.enter_user_details(&quot;h&quot;, &quot;h&quot;, &quot;h@h.com&quot;)<br/>        user_create_page.click_on_submit()<br/>    <br/>        # create default user page instance<br/>        default_user_page = DefaultUserPage(driver)<br/>&gt;       default_user_page.click_create_user_button()<br/><br/>test_user_create_page.py:99: <br/>_ _ _ _ _ _ _ _ _ _ _ _ _ _ _ _ _ _ _ _ _ _ _ _ _ _ _ _ _ _ _ _ _ _ _ _ _ _ _ _<br/>..\page_objects\default_user_page.py:96: in click_create_user_button<br/>    super()._click(self.__create_user_button_locator)<br/>..\page_objects\base_page.py:58: in _click<br/>    self._wait_until_element_is_visible(locator, duration)<br/>..\page_objects\base_page.py:63: in _wait_until_element_is_visible<br/>    wait.until(ec.visibility_of_element_located(locator))<br/>_ _ _ _ _ _ _ _ _ _ _ _ _ _ _ _ _ _ _ _ _ _ _ _ _ _ _ _ _ _ _ _ _ _ _ _ _ _ _ _<br/><br/>self = &lt;selenium.webdriver.support.wait.WebDriverWait (session=&quot;90292edf7e52165c2713e2dbfb7499a1&quot;)&gt;<br/>method = &lt;function visibility_of_element_located.&lt;locals&gt;._predicate at 0x00000200970B36A0&gt;<br/>message = &#x27;&#x27;<br/><br/>    def until(self, method, message: str = &quot;&quot;):<br/>        &quot;&quot;&quot;Calls the method provided with the driver as an argument until the \<br/>        return value does not evaluate to ``False``.<br/>    <br/>        :param method: callable(WebDriver)<br/>        :param message: optional message for :exc:`TimeoutException`<br/>        :returns: the result of the last call to `method`<br/>        :raises: :exc:`selenium.common.exceptions.TimeoutException` if timeout occurs<br/>        &quot;&quot;&quot;<br/>        screen = None<br/>        stacktrace = None<br/>    <br/>        end_time = time.monotonic() + self._timeout<br/>        while True:<br/>            try:<br/>                value = method(self._driver)<br/>                if value:<br/>                    return value<br/>            except self._ignored_exceptions as exc:<br/>                screen = getattr(exc, &quot;screen&quot;, None)<br/>                stacktrace = getattr(exc, &quot;stacktrace&quot;, None)<br/>            time.sleep(self._poll)<br/>            if time.monotonic() &gt; end_time:<br/>                break<br/>&gt;       raise TimeoutException(message, screen, stacktrace)<br/><span class="error">E       selenium.common.exceptions.TimeoutException: Message: </span><br/><span class="error">E       Stacktrace:</span><br/><span class="error">E       	GetHandleVerifier [0x00007FF6EF1E52A2+57122]</span><br/><span class="error">E       	(No symbol) [0x00007FF6EF15EA92]</span><br/><span class="error">E       	(No symbol) [0x00007FF6EF02E3AB]</span><br/><span class="error">E       	(No symbol) [0x00007FF6EF067D3E]</span><br/><span class="error">E       	(No symbol) [0x00007FF6EF067E2C]</span><br/><span class="error">E       	(No symbol) [0x00007FF6EF0A0B67]</span><br/><span class="error">E       	(No symbol) [0x00007FF6EF08701F]</span><br/><span class="error">E       	(No symbol) [0x00007FF6EF09EB82]</span><br/><span class="error">E       	(No symbol) [0x00007FF6EF086DB3]</span><br/><span class="error">E       	(No symbol) [0x00007FF6EF05D2B1]</span><br/><span class="error">E       	(No symbol) [0x00007FF6EF05E494]</span><br/><span class="error">E       	GetHandleVerifier [0x00007FF6EF48EF82+2849794]</span><br/><span class="error">E       	GetHandleVerifier [0x00007FF6EF4E1D24+3189156]</span><br/><span class="error">E       	GetHandleVerifier [0x00007FF6EF4DACAF+3160367]</span><br/><span class="error">E       	GetHandleVerifier [0x00007FF6EF276D06+653702]</span><br/><span class="error">E       	(No symbol) [0x00007FF6EF16A208]</span><br/><span class="error">E       	(No symbol) [0x00007FF6EF1662C4]</span><br/><span class="error">E       	(No symbol) [0x00007FF6EF1663F6]</span><br/><span class="error">E       	(No symbol) [0x00007FF6EF1567A3]</span><br/><span class="error">E       	BaseThreadInitThunk [0x00007FFC091F26AD+29]</span><br/><span class="error">E       	RtlUserThreadStart [0x00007FFC0A02AA68+40]</span><br/><br/>..\venv\Lib\site-packages\selenium\webdriver\support\wait.py:95: TimeoutException<br/> -----------------------------Captured stdout setup------------------------------ <br/>chrome browser started
<br/> ----------------------------Captured stdout teardown---------------------------- <br/>chrome to be closed
<br/></div></td></tr></tbody>
      <tbody class="passed results-table-row">
        <tr>
          <td class="col-result">Passed</td>
          <td class="col-name">tests/test_default_user_page.py::TestDefaultUserPage::test_table_data_against_input_entered</td>
          <td class="col-duration">5.85</td>
          <td class="col-links"></td></tr>
        <tr>
          <td class="extra" colspan="4">
            <div class="log"> -----------------------------Captured stdout setup------------------------------ <br/>chrome browser started
<br/> ----------------------------Captured stdout teardown---------------------------- <br/>chrome to be closed
<br/></div></td></tr></tbody>
      <tbody class="passed results-table-row">
        <tr>
          <td class="col-result">Passed</td>
          <td class="col-name">tests/test_default_user_page.py::TestDefaultUserPage::test_table_data_against_invalid_data</td>
          <td class="col-duration">6.38</td>
          <td class="col-links"></td></tr>
        <tr>
          <td class="extra" colspan="4">
            <div class="log"> -----------------------------Captured stdout setup------------------------------ <br/>chrome browser started
<br/> ----------------------------Captured stdout teardown---------------------------- <br/>chrome to be closed
<br/></div></td></tr></tbody>
      <tbody class="passed results-table-row">
        <tr>
          <td class="col-result">Passed</td>
          <td class="col-name">tests/test_page_not_found.py::TestPageNotFound::test_invalid_path_url</td>
          <td class="col-duration">5.23</td>
          <td class="col-links"></td></tr>
        <tr>
          <td class="extra" colspan="4">
            <div class="log"> -----------------------------Captured stdout setup------------------------------ <br/>chrome browser started
<br/> ----------------------------Captured stdout teardown---------------------------- <br/>chrome to be closed
<br/></div></td></tr></tbody>
      <tbody class="passed results-table-row">
        <tr>
          <td class="col-result">Passed</td>
          <td class="col-name">tests/test_page_not_found.py::TestPageNotFound::test_page_not_found_elements</td>
          <td class="col-duration">5.77</td>
          <td class="col-links"></td></tr>
        <tr>
          <td class="extra" colspan="4">
            <div class="log"> -----------------------------Captured stdout setup------------------------------ <br/>chrome browser started
<br/> ----------------------------Captured stdout teardown---------------------------- <br/>chrome to be closed
<br/></div></td></tr></tbody>
      <tbody class="passed results-table-row">
        <tr>
          <td class="col-result">Passed</td>
          <td class="col-name">tests/test_page_not_found.py::TestPageNotFound::test_page_not_found_logo_click_navigation</td>
          <td class="col-duration">5.59</td>
          <td class="col-links"></td></tr>
        <tr>
          <td class="extra" colspan="4">
            <div class="log"> -----------------------------Captured stdout setup------------------------------ <br/>chrome browser started
<br/> ----------------------------Captured stdout teardown---------------------------- <br/>chrome to be closed
<br/></div></td></tr></tbody>
      <tbody class="passed results-table-row">
        <tr>
          <td class="col-result">Passed</td>
          <td class="col-name">tests/test_page_not_found.py::TestPageNotFound::test_page_not_found_home_button_click_navigation</td>
          <td class="col-duration">5.75</td>
          <td class="col-links"></td></tr>
        <tr>
          <td class="extra" colspan="4">
            <div class="log"> -----------------------------Captured stdout setup------------------------------ <br/>chrome browser started
<br/> ----------------------------Captured stdout teardown---------------------------- <br/>chrome to be closed
<br/></div></td></tr></tbody>
      <tbody class="passed results-table-row">
        <tr>
          <td class="col-result">Passed</td>
          <td class="col-name">tests/test_user_create_page.py::TestUserCreatePage::test_blank_input_fields</td>
          <td class="col-duration">7.03</td>
          <td class="col-links"></td></tr>
        <tr>
          <td class="extra" colspan="4">
            <div class="log"> -----------------------------Captured stdout setup------------------------------ <br/>chrome browser started
<br/> ----------------------------Captured stdout teardown---------------------------- <br/>chrome to be closed
<br/></div></td></tr></tbody>
      <tbody class="passed results-table-row">
        <tr>
          <td class="col-result">Passed</td>
          <td class="col-name">tests/test_user_create_page.py::TestUserCreatePage::test_blank_fields_error_message_on_submit</td>
          <td class="col-duration">6.56</td>
          <td class="col-links"></td></tr>
        <tr>
          <td class="extra" colspan="4">
            <div class="log"> -----------------------------Captured stdout setup------------------------------ <br/>chrome browser started
<br/> ----------------------------Captured stdout teardown---------------------------- <br/>chrome to be closed
<br/></div></td></tr></tbody>
      <tbody class="passed results-table-row">
        <tr>
          <td class="col-result">Passed</td>
          <td class="col-name">tests/test_user_create_page.py::TestUserCreatePage::test_for_invalid_email</td>
          <td class="col-duration">5.72</td>
          <td class="col-links"></td></tr>
        <tr>
          <td class="extra" colspan="4">
            <div class="log"> -----------------------------Captured stdout setup------------------------------ <br/>chrome browser started
<br/> ----------------------------Captured stdout teardown---------------------------- <br/>chrome to be closed
<br/></div></td></tr></tbody></table></body></html>